[2022-01-19 16:18:19]Array
(
    [code] => 0
    [uids] => Array
        (
            [0] => 1058230
            [1] => 1058231
            [2] => 1058232
        )

    [errMsg] => 促销不存在
)

[2022-01-19 16:36:10]Array
(
    [code] => 0
    [uids] => Array
        (
            [0] => 1058230
            [1] => 1058231
            [2] => 1058232
        )

    [errMsg] => 促销不存在
)

[2022-01-19 16:36:50]Array
(
    [code] => 0
    [uids] => Array
        (
            [0] => 1058230
            [1] => 1058231
            [2] => 1058232
        )

    [errMsg] => 促销不存在
)

[2022-01-19 16:37:17]Array
(
    [code] => 0
    [uids] => Array
        (
            [0] => 1058230
            [1] => 1058231
            [2] => 1058232
        )

    [errMsg] => 优惠券发送失败
)

[2022-01-19 16:50:45]Array
(
    [code] => 1
    [uids] => Array
        (
            [0] => 1058230
            [1] => 1058231
            [2] => 1058232
        )

    [errMsg] => 
)

[2022-01-19 16:52:30]Array
(
    [code] => 0
    [uids] => Array
        (
        )

    [errMsg] => ERR wrong number of arguments for 'srem' command
)

[2022-01-19 16:53:53]Array
(
    [code] => 1
    [uids] => Array
        (
        )

    [errMsg] => 
)

[2022-01-19 16:55:26]Array
(
    [code] => 1
    [uids] => Array
        (
            [0] => 1058230
            [1] => 1058231
            [2] => 1058232
        )

    [errMsg] => 
)

[2022-01-19 16:56:30]Array
(
    [code] => 1
    [uids] => Array
        (
            [0] => 1058230
            [1] => 1058231
            [2] => 1058232
        )

    [errMsg] => 
)

