[2022-01-26 12:43:50]Array
(
    [requestUri] => http://promotion.el.org/coupon/inner/couponUsePluck
    [requestMethod] => POST
    [requestData] => Array
        (
            [ids_pluck] => Array
                (
                    [17] => 1
                )

        )

    [responseCode] => 200
    [responseData] => Array
        (
            [code] => 1
            [message] => 成功
            [data] => Array
                (
                )

        )

)

[2022-01-26 12:44:32]Array
(
    [requestUri] => http://promotion.el.org/coupon/inner/couponUsePluck
    [requestMethod] => POST
    [requestData] => Array
        (
            [ids_pluck] => Array
                (
                    [17] => 1
                )

        )

    [responseCode] => 200
    [responseData] => Array
        (
            [code] => 1
            [message] => 成功
            [data] => Array
                (
                )

        )

)

[2022-01-26 12:44:50]Array
(
    [requestUri] => http://promotion.el.org/coupon/inner/couponUsePluck
    [requestMethod] => POST
    [requestData] => Array
        (
            [ids_pluck] => Array
                (
                    [17] => 1
                )

        )

    [responseCode] => 200
    [responseData] => Array
        (
            [code] => 1
            [message] => 成功
            [data] => Array
                (
                )

        )

)

