[2022-01-20 11:37:54]Array
(
    [requestUri] => http://promotion.el.org/coupon/inner/couponUsePluck
    [requestMethod] => POST
    [requestData] => Array
        (
            [ids_pluck] => Array
                (
                    [17] => 1
                )

        )

    [responseCode] => 200
    [responseData] => Array
        (
            [code] => 1
            [message] => 成功
            [data] => Array
                (
                )

        )

)

[2022-01-20 18:06:11]Array
(
    [requestUri] => http://promotion.el.org/coupon/inner/couponUsePluck
    [requestMethod] => POST
    [requestData] => Array
        (
            [ids_pluck] => Array
                (
                    [17] => 1
                )

        )

    [responseCode] => 200
    [responseData] => Array
        (
            [code] => 1
            [message] => 成功
            [data] => Array
                (
                )

        )

)

[2022-01-20 18:06:18]Array
(
    [requestUri] => http://promotion.el.org/coupon/inner/couponUsePluck
    [requestMethod] => POST
    [requestData] => Array
        (
            [ids_pluck] => Array
                (
                    [17] => 1
                )

        )

    [responseCode] => 200
    [responseData] => Array
        (
            [code] => 1
            [message] => 成功
            [data] => Array
                (
                )

        )

)

[2022-01-20 18:11:05]Array
(
    [requestUri] => http://promotion.el.org/coupon/inner/couponUsePluck
    [requestMethod] => POST
    [requestData] => Array
        (
            [ids_pluck] => Array
                (
                    [17] => 1
                )

        )

    [responseCode] => 200
    [responseData] => Array
        (
            [code] => 1
            [message] => 成功
            [data] => Array
                (
                )

        )

)

[2022-01-20 18:11:20]Array
(
    [requestUri] => http://promotion.el.org/coupon/inner/couponUsePluck
    [requestMethod] => POST
    [requestData] => Array
        (
            [ids_pluck] => Array
                (
                    [17] => 1
                )

        )

    [responseCode] => 200
    [responseData] => Array
        (
            [code] => 1
            [message] => 成功
            [data] => Array
                (
                )

        )

)

[2022-01-20 18:11:41]Array
(
    [requestUri] => http://promotion.el.org/coupon/inner/couponUsePluck
    [requestMethod] => POST
    [requestData] => Array
        (
            [ids_pluck] => Array
                (
                    [17] => 0
                )

        )

    [responseCode] => 200
    [responseData] => Array
        (
            [code] => 1
            [message] => 成功
            [data] => Array
                (
                )

        )

)

