[2022-01-18 10:53:13]Array
(
    [requestUri] => http://promotion.el.org/coupon/inner/getDetail
    [requestMethod] => POST
    [requestData] => Array
        (
            [id] => 10
        )

    [responseCode] => 200
    [responseData] => Array
        (
            [code] => 1
            [message] => 成功
            [data] => Array
                (
                    [id] => 10
                    [name] => 海泥唤肤洁面皂满300减30元
                    [display_name] => 
                    [type] => coupon
                    [start_time] => 2021-11-01 00:00:00
                    [end_time] => 2022-12-31 00:00:00
                    [priority] => 1
                    [status] => 2
                    [created_at] => 2022-01-10 15:21:45
                    [updated_at] => 2022-01-17 18:09:53
                    [exclude_sku] => 
                    [add_sku] => 1
                    [cids] => 
                    [addrules] => 
                    [total_amount] => 300
                    [total_discount] => 30
                    [product_discount] => 
                    [nn_n] => 
                    [nn_discount] => 
                    [step_amount] => 
                    [step_discount] => 
                    [gift_id] => 
                    [gift_amount] => 
                    [gift_n] => 
                    [coupon_stock] => 100
                    [coupon_stock_used] => 1
                    [coupon_description] => 
                    [code_length] => 
                    [code_stock] => 
                    [code_stock_used] => 0
                    [code_code] => 
                    [used_times] => 0
                    [deleted_at] => 
                    [member_use_count] => 1
                    [show_page] => 
                    [gwp_skus] => 
                    [ship_fee] => 0
                    [coupon_type] => 1
                    [product_coupon_sku] => 
                    [expire_days] => 100
                    [product_coupon_pic] => 
                    [product_coupon_name] => 
                    [is_step] => 0
                    [is_whole] => 0
                    [is_rand] => 0
                )

        )

)

[2022-01-18 10:53:14]Array
(
    [requestUri] => http://promotion.el.org/coupon/inner/couponUsePluck
    [requestMethod] => POST
    [requestData] => Array
        (
            [ids_pluck] => Array
                (
                    [10] => 1
                )

        )

    [responseCode] => 200
    [responseData] => Array
        (
            [code] => 1
            [message] => 成功
            [data] => Array
                (
                )

        )

)

[2022-01-18 10:57:44]Array
(
    [requestUri] => http://promotion.el.org/coupon/inner/getDetail
    [requestMethod] => POST
    [requestData] => Array
        (
            [id] => 10
        )

    [responseCode] => 200
    [responseData] => Array
        (
            [code] => 1
            [message] => 成功
            [data] => Array
                (
                    [id] => 10
                    [name] => 海泥唤肤洁面皂满300减30元
                    [display_name] => 
                    [type] => coupon
                    [start_time] => 2021-11-01 00:00:00
                    [end_time] => 2022-12-31 00:00:00
                    [priority] => 1
                    [status] => 2
                    [created_at] => 2022-01-10 15:21:45
                    [updated_at] => 2022-01-18 10:53:14
                    [exclude_sku] => 
                    [add_sku] => 1
                    [cids] => 
                    [addrules] => 
                    [total_amount] => 300
                    [total_discount] => 30
                    [product_discount] => 
                    [nn_n] => 
                    [nn_discount] => 
                    [step_amount] => 
                    [step_discount] => 
                    [gift_id] => 
                    [gift_amount] => 
                    [gift_n] => 
                    [coupon_stock] => 100
                    [coupon_stock_used] => 0
                    [coupon_description] => 
                    [code_length] => 
                    [code_stock] => 
                    [code_stock_used] => 0
                    [code_code] => 
                    [used_times] => 0
                    [deleted_at] => 
                    [member_use_count] => 1
                    [show_page] => 
                    [gwp_skus] => 
                    [ship_fee] => 0
                    [coupon_type] => 1
                    [product_coupon_sku] => 
                    [expire_days] => 100
                    [product_coupon_pic] => 
                    [product_coupon_name] => 
                    [is_step] => 0
                    [is_whole] => 0
                    [is_rand] => 0
                )

        )

)

[2022-01-18 10:57:44]Array
(
    [requestUri] => http://promotion.el.org/coupon/inner/couponUsePluck
    [requestMethod] => POST
    [requestData] => Array
        (
            [ids_pluck] => Array
                (
                    [10] => 1
                )

        )

    [responseCode] => 200
    [responseData] => Array
        (
            [code] => 1
            [message] => 成功
            [data] => Array
                (
                )

        )

)

[2022-01-18 13:47:20]Array
(
    [requestUri] => http://promotion.el.org/coupon/inner/getDetail
    [requestMethod] => POST
    [requestData] => Array
        (
            [id] => 10
        )

    [responseCode] => 200
    [responseData] => Array
        (
            [code] => 1
            [message] => 成功
            [data] => Array
                (
                    [id] => 10
                    [name] => 海泥唤肤洁面皂满300减30元
                    [display_name] => 
                    [type] => coupon
                    [start_time] => 2021-11-01 00:00:00
                    [end_time] => 2022-12-31 00:00:00
                    [priority] => 1
                    [status] => 2
                    [created_at] => 2022-01-10 15:21:45
                    [updated_at] => 2022-01-18 10:57:44
                    [exclude_sku] => 
                    [add_sku] => 1
                    [cids] => 
                    [addrules] => 
                    [total_amount] => 300
                    [total_discount] => 30
                    [product_discount] => 
                    [nn_n] => 
                    [nn_discount] => 
                    [step_amount] => 
                    [step_discount] => 
                    [gift_id] => 
                    [gift_amount] => 
                    [gift_n] => 
                    [coupon_stock] => 100
                    [coupon_stock_used] => 1
                    [coupon_description] => 
                    [code_length] => 
                    [code_stock] => 
                    [code_stock_used] => 0
                    [code_code] => 
                    [used_times] => 0
                    [deleted_at] => 
                    [member_use_count] => 1
                    [show_page] => 
                    [gwp_skus] => 
                    [ship_fee] => 0
                    [coupon_type] => 1
                    [product_coupon_sku] => 
                    [expire_days] => 100
                    [product_coupon_pic] => 
                    [product_coupon_name] => 
                    [is_step] => 0
                    [is_whole] => 0
                    [is_rand] => 0
                    [is_new] => 0
                )

        )

)

[2022-01-18 13:47:26]Array
(
    [requestUri] => http://promotion.el.org/coupon/inner/getDetail
    [requestMethod] => POST
    [requestData] => Array
        (
            [id] => 11
        )

    [responseCode] => 200
    [responseData] => Array
        (
            [code] => 1
            [message] => 成功
            [data] => Array
                (
                    [id] => 11
                    [name] => 新人券001
                    [display_name] => 
                    [type] => coupon
                    [start_time] => 2022-01-01 00:00:00
                    [end_time] => 2023-01-31 00:00:00
                    [priority] => 1
                    [status] => 2
                    [created_at] => 2022-01-18 11:37:54
                    [updated_at] => 2022-01-18 11:39:24
                    [exclude_sku] => 
                    [add_sku] => 
                    [cids] => 
                    [addrules] => 
                    [total_amount] => 1
                    [total_discount] => 5
                    [product_discount] => 
                    [nn_n] => 
                    [nn_discount] => 
                    [step_amount] => 
                    [step_discount] => 
                    [gift_id] => 
                    [gift_amount] => 
                    [gift_n] => 
                    [coupon_stock] => 100
                    [coupon_stock_used] => 100
                    [coupon_description] => 
                    [code_length] => 
                    [code_stock] => 
                    [code_stock_used] => 0
                    [code_code] => 
                    [used_times] => 0
                    [deleted_at] => 
                    [member_use_count] => 1
                    [show_page] => 
                    [gwp_skus] => 
                    [ship_fee] => 0
                    [coupon_type] => 1
                    [product_coupon_sku] => 
                    [expire_days] => 100
                    [product_coupon_pic] => 
                    [product_coupon_name] => 
                    [is_step] => 0
                    [is_whole] => 1
                    [is_rand] => 0
                    [is_new] => 1
                )

        )

)

[2022-01-18 13:47:36]Array
(
    [requestUri] => http://promotion.el.org/coupon/inner/getDetail
    [requestMethod] => POST
    [requestData] => Array
        (
            [id] => 11
        )

    [responseCode] => 200
    [responseData] => Array
        (
            [code] => 1
            [message] => 成功
            [data] => Array
                (
                    [id] => 11
                    [name] => 新人券001
                    [display_name] => 
                    [type] => coupon
                    [start_time] => 2022-01-01 00:00:00
                    [end_time] => 2023-01-31 00:00:00
                    [priority] => 1
                    [status] => 2
                    [created_at] => 2022-01-18 11:37:54
                    [updated_at] => 2022-01-18 11:39:24
                    [exclude_sku] => 
                    [add_sku] => 
                    [cids] => 
                    [addrules] => 
                    [total_amount] => 1
                    [total_discount] => 5
                    [product_discount] => 
                    [nn_n] => 
                    [nn_discount] => 
                    [step_amount] => 
                    [step_discount] => 
                    [gift_id] => 
                    [gift_amount] => 
                    [gift_n] => 
                    [coupon_stock] => 100
                    [coupon_stock_used] => 0
                    [coupon_description] => 
                    [code_length] => 
                    [code_stock] => 
                    [code_stock_used] => 0
                    [code_code] => 
                    [used_times] => 0
                    [deleted_at] => 
                    [member_use_count] => 1
                    [show_page] => 
                    [gwp_skus] => 
                    [ship_fee] => 0
                    [coupon_type] => 1
                    [product_coupon_sku] => 
                    [expire_days] => 100
                    [product_coupon_pic] => 
                    [product_coupon_name] => 
                    [is_step] => 0
                    [is_whole] => 1
                    [is_rand] => 0
                    [is_new] => 1
                )

        )

)

[2022-01-18 13:48:23]Array
(
    [requestUri] => http://promotion.el.org/coupon/inner/getDetail
    [requestMethod] => POST
    [requestData] => Array
        (
            [id] => 11
        )

    [responseCode] => 200
    [responseData] => Array
        (
            [code] => 1
            [message] => 成功
            [data] => Array
                (
                    [id] => 11
                    [name] => 新人券001
                    [display_name] => 
                    [type] => coupon
                    [start_time] => 2022-01-01 00:00:00
                    [end_time] => 2023-01-31 00:00:00
                    [priority] => 1
                    [status] => 2
                    [created_at] => 2022-01-18 11:37:54
                    [updated_at] => 2022-01-18 11:39:24
                    [exclude_sku] => 
                    [add_sku] => 
                    [cids] => 
                    [addrules] => 
                    [total_amount] => 1
                    [total_discount] => 5
                    [product_discount] => 
                    [nn_n] => 
                    [nn_discount] => 
                    [step_amount] => 
                    [step_discount] => 
                    [gift_id] => 
                    [gift_amount] => 
                    [gift_n] => 
                    [coupon_stock] => 100
                    [coupon_stock_used] => 0
                    [coupon_description] => 
                    [code_length] => 
                    [code_stock] => 
                    [code_stock_used] => 0
                    [code_code] => 
                    [used_times] => 0
                    [deleted_at] => 
                    [member_use_count] => 1
                    [show_page] => 
                    [gwp_skus] => 
                    [ship_fee] => 0
                    [coupon_type] => 1
                    [product_coupon_sku] => 
                    [expire_days] => 100
                    [product_coupon_pic] => 
                    [product_coupon_name] => 
                    [is_step] => 0
                    [is_whole] => 1
                    [is_rand] => 0
                    [is_new] => 1
                )

        )

)

[2022-01-18 13:48:54]Array
(
    [requestUri] => http://promotion.el.org/coupon/inner/getDetail
    [requestMethod] => POST
    [requestData] => Array
        (
            [id] => 11
        )

    [responseCode] => 200
    [responseData] => Array
        (
            [code] => 1
            [message] => 成功
            [data] => Array
                (
                    [id] => 11
                    [name] => 新人券001
                    [display_name] => 
                    [type] => coupon
                    [start_time] => 2022-01-01 00:00:00
                    [end_time] => 2023-01-31 00:00:00
                    [priority] => 1
                    [status] => 2
                    [created_at] => 2022-01-18 11:37:54
                    [updated_at] => 2022-01-18 11:39:24
                    [exclude_sku] => 
                    [add_sku] => 
                    [cids] => 
                    [addrules] => 
                    [total_amount] => 1
                    [total_discount] => 5
                    [product_discount] => 
                    [nn_n] => 
                    [nn_discount] => 
                    [step_amount] => 
                    [step_discount] => 
                    [gift_id] => 
                    [gift_amount] => 
                    [gift_n] => 
                    [coupon_stock] => 100
                    [coupon_stock_used] => 0
                    [coupon_description] => 
                    [code_length] => 
                    [code_stock] => 
                    [code_stock_used] => 0
                    [code_code] => 
                    [used_times] => 0
                    [deleted_at] => 
                    [member_use_count] => 1
                    [show_page] => 
                    [gwp_skus] => 
                    [ship_fee] => 0
                    [coupon_type] => 1
                    [product_coupon_sku] => 
                    [expire_days] => 100
                    [product_coupon_pic] => 
                    [product_coupon_name] => 
                    [is_step] => 0
                    [is_whole] => 1
                    [is_rand] => 0
                    [is_new] => 1
                )

        )

)

[2022-01-18 13:49:27]Array
(
    [requestUri] => http://promotion.el.org/coupon/inner/getDetail
    [requestMethod] => POST
    [requestData] => Array
        (
            [id] => 11
        )

    [responseCode] => 200
    [responseData] => Array
        (
            [code] => 1
            [message] => 成功
            [data] => Array
                (
                    [id] => 11
                    [name] => 新人券001
                    [display_name] => 
                    [type] => coupon
                    [start_time] => 2022-01-01 00:00:00
                    [end_time] => 2023-01-31 00:00:00
                    [priority] => 1
                    [status] => 2
                    [created_at] => 2022-01-18 11:37:54
                    [updated_at] => 2022-01-18 11:39:24
                    [exclude_sku] => 
                    [add_sku] => 
                    [cids] => 
                    [addrules] => 
                    [total_amount] => 1
                    [total_discount] => 5
                    [product_discount] => 
                    [nn_n] => 
                    [nn_discount] => 
                    [step_amount] => 
                    [step_discount] => 
                    [gift_id] => 
                    [gift_amount] => 
                    [gift_n] => 
                    [coupon_stock] => 100
                    [coupon_stock_used] => 0
                    [coupon_description] => 
                    [code_length] => 
                    [code_stock] => 
                    [code_stock_used] => 0
                    [code_code] => 
                    [used_times] => 0
                    [deleted_at] => 
                    [member_use_count] => 1
                    [show_page] => 
                    [gwp_skus] => 
                    [ship_fee] => 0
                    [coupon_type] => 1
                    [product_coupon_sku] => 
                    [expire_days] => 100
                    [product_coupon_pic] => 
                    [product_coupon_name] => 
                    [is_step] => 0
                    [is_whole] => 1
                    [is_rand] => 0
                    [is_new] => 1
                )

        )

)

[2022-01-18 13:49:37]Array
(
    [requestUri] => http://promotion.el.org/coupon/inner/getDetail
    [requestMethod] => POST
    [requestData] => Array
        (
            [id] => 11
        )

    [responseCode] => 200
    [responseData] => Array
        (
            [code] => 1
            [message] => 成功
            [data] => Array
                (
                    [id] => 11
                    [name] => 新人券001
                    [display_name] => 
                    [type] => coupon
                    [start_time] => 2022-01-01 00:00:00
                    [end_time] => 2023-01-31 00:00:00
                    [priority] => 1
                    [status] => 2
                    [created_at] => 2022-01-18 11:37:54
                    [updated_at] => 2022-01-18 11:39:24
                    [exclude_sku] => 
                    [add_sku] => 
                    [cids] => 
                    [addrules] => 
                    [total_amount] => 1
                    [total_discount] => 5
                    [product_discount] => 
                    [nn_n] => 
                    [nn_discount] => 
                    [step_amount] => 
                    [step_discount] => 
                    [gift_id] => 
                    [gift_amount] => 
                    [gift_n] => 
                    [coupon_stock] => 100
                    [coupon_stock_used] => 0
                    [coupon_description] => 
                    [code_length] => 
                    [code_stock] => 
                    [code_stock_used] => 0
                    [code_code] => 
                    [used_times] => 0
                    [deleted_at] => 
                    [member_use_count] => 1
                    [show_page] => 
                    [gwp_skus] => 
                    [ship_fee] => 0
                    [coupon_type] => 1
                    [product_coupon_sku] => 
                    [expire_days] => 100
                    [product_coupon_pic] => 
                    [product_coupon_name] => 
                    [is_step] => 0
                    [is_whole] => 1
                    [is_rand] => 0
                    [is_new] => 1
                )

        )

)

[2022-01-18 13:49:37]Array
(
    [requestUri] => http://promotion.el.org/coupon/inner/couponUsePluck
    [requestMethod] => POST
    [requestData] => Array
        (
            [ids_pluck] => Array
                (
                    [11] => 1
                )

        )

    [responseCode] => 200
    [responseData] => Array
        (
            [code] => 1
            [message] => 成功
            [data] => Array
                (
                )

        )

)

[2022-01-18 13:50:49]Array
(
    [requestUri] => http://promotion.el.org/coupon/inner/getDetail
    [requestMethod] => POST
    [requestData] => Array
        (
            [id] => 11
        )

    [responseCode] => 200
    [responseData] => Array
        (
            [code] => 1
            [message] => 成功
            [data] => Array
                (
                    [id] => 11
                    [name] => 新人券001
                    [display_name] => 
                    [type] => coupon
                    [start_time] => 2022-01-01 00:00:00
                    [end_time] => 2023-01-31 00:00:00
                    [priority] => 1
                    [status] => 2
                    [created_at] => 2022-01-18 11:37:54
                    [updated_at] => 2022-01-18 13:49:37
                    [exclude_sku] => 
                    [add_sku] => 
                    [cids] => 
                    [addrules] => 
                    [total_amount] => 1
                    [total_discount] => 5
                    [product_discount] => 
                    [nn_n] => 
                    [nn_discount] => 
                    [step_amount] => 
                    [step_discount] => 
                    [gift_id] => 
                    [gift_amount] => 
                    [gift_n] => 
                    [coupon_stock] => 100
                    [coupon_stock_used] => 1
                    [coupon_description] => 
                    [code_length] => 
                    [code_stock] => 
                    [code_stock_used] => 0
                    [code_code] => 
                    [used_times] => 0
                    [deleted_at] => 
                    [member_use_count] => 1
                    [show_page] => 
                    [gwp_skus] => 
                    [ship_fee] => 0
                    [coupon_type] => 1
                    [product_coupon_sku] => 
                    [expire_days] => 100
                    [product_coupon_pic] => 
                    [product_coupon_name] => 
                    [is_step] => 0
                    [is_whole] => 1
                    [is_rand] => 0
                    [is_new] => 1
                )

        )

)

[2022-01-18 13:50:49]Array
(
    [requestUri] => http://promotion.el.org/coupon/inner/couponUsePluck
    [requestMethod] => POST
    [requestData] => Array
        (
            [ids_pluck] => Array
                (
                    [11] => 1
                )

        )

    [responseCode] => 200
    [responseData] => Array
        (
            [code] => 1
            [message] => 成功
            [data] => Array
                (
                )

        )

)

[2022-01-18 14:41:39]Array
(
    [requestUri] => http://promotion.el.org/coupon/inner/getDetail
    [requestMethod] => POST
    [requestData] => Array
        (
            [id] => 11
        )

    [responseCode] => 200
    [responseData] => Array
        (
            [code] => 1
            [message] => 成功
            [data] => Array
                (
                    [id] => 11
                    [name] => 新人券001
                    [display_name] => 
                    [type] => coupon
                    [start_time] => 2022-01-01 00:00:00
                    [end_time] => 2023-01-31 00:00:00
                    [priority] => 1
                    [status] => 2
                    [created_at] => 2022-01-18 11:37:54
                    [updated_at] => 2022-01-18 13:50:49
                    [exclude_sku] => 
                    [add_sku] => 
                    [cids] => 
                    [addrules] => 
                    [total_amount] => 1
                    [total_discount] => 5
                    [product_discount] => 
                    [nn_n] => 
                    [nn_discount] => 
                    [step_amount] => 
                    [step_discount] => 
                    [gift_id] => 
                    [gift_amount] => 
                    [gift_n] => 
                    [coupon_stock] => 100
                    [coupon_stock_used] => 2
                    [coupon_description] => 
                    [code_length] => 
                    [code_stock] => 
                    [code_stock_used] => 0
                    [code_code] => 
                    [used_times] => 0
                    [deleted_at] => 
                    [member_use_count] => 1
                    [show_page] => 
                    [gwp_skus] => 
                    [ship_fee] => 0
                    [coupon_type] => 1
                    [product_coupon_sku] => 
                    [expire_days] => 100
                    [product_coupon_pic] => 
                    [product_coupon_name] => 
                    [is_step] => 0
                    [is_whole] => 1
                    [is_rand] => 0
                    [is_new] => 1
                    [notice] => 
                )

        )

)

[2022-01-18 14:41:40]Array
(
    [requestUri] => http://promotion.el.org/coupon/inner/couponUsePluck
    [requestMethod] => POST
    [requestData] => Array
        (
            [ids_pluck] => Array
                (
                    [11] => 1
                )

        )

    [responseCode] => 200
    [responseData] => Array
        (
            [code] => 1
            [message] => 成功
            [data] => Array
                (
                )

        )

)

[2022-01-18 14:43:00]Array
(
    [requestUri] => http://promotion.el.org/coupon/inner/getDetail
    [requestMethod] => POST
    [requestData] => Array
        (
            [id] => 11
        )

    [responseCode] => 200
    [responseData] => Array
        (
            [code] => 1
            [message] => 成功
            [data] => Array
                (
                    [id] => 11
                    [name] => 新人券001
                    [display_name] => 
                    [type] => coupon
                    [start_time] => 2022-01-01 00:00:00
                    [end_time] => 2023-01-31 00:00:00
                    [priority] => 1
                    [status] => 2
                    [created_at] => 2022-01-18 11:37:54
                    [updated_at] => 2022-01-18 14:41:40
                    [exclude_sku] => 
                    [add_sku] => 
                    [cids] => 
                    [addrules] => 
                    [total_amount] => 1
                    [total_discount] => 5
                    [product_discount] => 
                    [nn_n] => 
                    [nn_discount] => 
                    [step_amount] => 
                    [step_discount] => 
                    [gift_id] => 
                    [gift_amount] => 
                    [gift_n] => 
                    [coupon_stock] => 100
                    [coupon_stock_used] => 3
                    [coupon_description] => 
                    [code_length] => 
                    [code_stock] => 
                    [code_stock_used] => 0
                    [code_code] => 
                    [used_times] => 0
                    [deleted_at] => 
                    [member_use_count] => 1
                    [show_page] => 
                    [gwp_skus] => 
                    [ship_fee] => 0
                    [coupon_type] => 1
                    [product_coupon_sku] => 
                    [expire_days] => 100
                    [product_coupon_pic] => 
                    [product_coupon_name] => 
                    [is_step] => 0
                    [is_whole] => 1
                    [is_rand] => 0
                    [is_new] => 1
                    [notice] => 
                )

        )

)

[2022-01-18 14:43:21]Array
(
    [requestUri] => http://promotion.el.org/coupon/inner/getDetail
    [requestMethod] => POST
    [requestData] => Array
        (
            [id] => 11
        )

    [responseCode] => 200
    [responseData] => Array
        (
            [code] => 1
            [message] => 成功
            [data] => Array
                (
                    [id] => 11
                    [name] => 新人券001
                    [display_name] => 
                    [type] => coupon
                    [start_time] => 2022-01-01 00:00:00
                    [end_time] => 2023-01-31 00:00:00
                    [priority] => 1
                    [status] => 2
                    [created_at] => 2022-01-18 11:37:54
                    [updated_at] => 2022-01-18 14:41:40
                    [exclude_sku] => 
                    [add_sku] => 
                    [cids] => 
                    [addrules] => 
                    [total_amount] => 1
                    [total_discount] => 5
                    [product_discount] => 
                    [nn_n] => 
                    [nn_discount] => 
                    [step_amount] => 
                    [step_discount] => 
                    [gift_id] => 
                    [gift_amount] => 
                    [gift_n] => 
                    [coupon_stock] => 100
                    [coupon_stock_used] => 3
                    [coupon_description] => 
                    [code_length] => 
                    [code_stock] => 
                    [code_stock_used] => 0
                    [code_code] => 
                    [used_times] => 0
                    [deleted_at] => 
                    [member_use_count] => 1
                    [show_page] => 
                    [gwp_skus] => 
                    [ship_fee] => 0
                    [coupon_type] => 1
                    [product_coupon_sku] => 
                    [expire_days] => 100
                    [product_coupon_pic] => 
                    [product_coupon_name] => 
                    [is_step] => 0
                    [is_whole] => 1
                    [is_rand] => 0
                    [is_new] => 1
                    [notice] => 
                )

        )

)

[2022-01-18 14:43:26]Array
(
    [requestUri] => http://promotion.el.org/coupon/inner/getDetail
    [requestMethod] => POST
    [requestData] => Array
        (
            [id] => 12
        )

    [responseCode] => 200
    [responseData] => Array
        (
            [code] => 1
            [message] => 成功
            [data] => Array
                (
                    [id] => 12
                    [name] => 实物券001
                    [display_name] => 
                    [type] => product_coupon
                    [start_time] => 2021-12-01 00:00:00
                    [end_time] => 2022-11-30 00:00:00
                    [priority] => 1
                    [status] => 2
                    [created_at] => 2022-01-18 14:40:32
                    [updated_at] => 2022-01-18 14:40:36
                    [exclude_sku] => 
                    [add_sku] => 
                    [cids] => 
                    [addrules] => 
                    [total_amount] => 
                    [total_discount] => 
                    [product_discount] => 
                    [nn_n] => 
                    [nn_discount] => 
                    [step_amount] => 
                    [step_discount] => 
                    [gift_id] => 
                    [gift_amount] => 
                    [gift_n] => 
                    [coupon_stock] => 100
                    [coupon_stock_used] => 0
                    [coupon_description] => 
                    [code_length] => 
                    [code_stock] => 
                    [code_stock_used] => 0
                    [code_code] => 
                    [used_times] => 0
                    [deleted_at] => 
                    [member_use_count] => 1
                    [show_page] => 
                    [gwp_skus] => 
                    [ship_fee] => 0
                    [coupon_type] => 1
                    [product_coupon_sku] => 02032906
                    [expire_days] => 10
                    [product_coupon_pic] => 
                    [product_coupon_name] => 
                    [is_step] => 0
                    [is_whole] => 0
                    [is_rand] => 0
                    [is_new] => 0
                    [notice] => 
                )

        )

)

[2022-01-18 14:43:33]Array
(
    [requestUri] => http://promotion.el.org/coupon/inner/getDetail
    [requestMethod] => POST
    [requestData] => Array
        (
            [id] => 12
        )

    [responseCode] => 200
    [responseData] => Array
        (
            [code] => 1
            [message] => 成功
            [data] => Array
                (
                    [id] => 12
                    [name] => 实物券001
                    [display_name] => 
                    [type] => product_coupon
                    [start_time] => 2021-12-01 00:00:00
                    [end_time] => 2022-11-30 00:00:00
                    [priority] => 1
                    [status] => 2
                    [created_at] => 2022-01-18 14:40:32
                    [updated_at] => 2022-01-18 14:40:36
                    [exclude_sku] => 
                    [add_sku] => 
                    [cids] => 
                    [addrules] => 
                    [total_amount] => 
                    [total_discount] => 
                    [product_discount] => 
                    [nn_n] => 
                    [nn_discount] => 
                    [step_amount] => 
                    [step_discount] => 
                    [gift_id] => 
                    [gift_amount] => 
                    [gift_n] => 
                    [coupon_stock] => 100
                    [coupon_stock_used] => 0
                    [coupon_description] => 
                    [code_length] => 
                    [code_stock] => 
                    [code_stock_used] => 0
                    [code_code] => 
                    [used_times] => 0
                    [deleted_at] => 
                    [member_use_count] => 1
                    [show_page] => 
                    [gwp_skus] => 
                    [ship_fee] => 0
                    [coupon_type] => 1
                    [product_coupon_sku] => 02032906
                    [expire_days] => 10
                    [product_coupon_pic] => 
                    [product_coupon_name] => 
                    [is_step] => 0
                    [is_whole] => 0
                    [is_rand] => 0
                    [is_new] => 0
                    [notice] => 
                )

        )

)

[2022-01-18 14:43:33]Array
(
    [requestUri] => http://promotion.el.org/coupon/inner/couponUsePluck
    [requestMethod] => POST
    [requestData] => Array
        (
            [ids_pluck] => Array
                (
                    [12] => 1
                )

        )

    [responseCode] => 200
    [responseData] => Array
        (
            [code] => 1
            [message] => 成功
            [data] => Array
                (
                )

        )

)

[2022-01-18 14:43:38]Array
(
    [requestUri] => http://promotion.el.org/coupon/inner/getDetail
    [requestMethod] => POST
    [requestData] => Array
        (
            [id] => 11
        )

    [responseCode] => 200
    [responseData] => Array
        (
            [code] => 1
            [message] => 成功
            [data] => Array
                (
                    [id] => 11
                    [name] => 新人券001
                    [display_name] => 
                    [type] => coupon
                    [start_time] => 2022-01-01 00:00:00
                    [end_time] => 2023-01-31 00:00:00
                    [priority] => 1
                    [status] => 2
                    [created_at] => 2022-01-18 11:37:54
                    [updated_at] => 2022-01-18 14:41:40
                    [exclude_sku] => 
                    [add_sku] => 
                    [cids] => 
                    [addrules] => 
                    [total_amount] => 1
                    [total_discount] => 5
                    [product_discount] => 
                    [nn_n] => 
                    [nn_discount] => 
                    [step_amount] => 
                    [step_discount] => 
                    [gift_id] => 
                    [gift_amount] => 
                    [gift_n] => 
                    [coupon_stock] => 100
                    [coupon_stock_used] => 3
                    [coupon_description] => 
                    [code_length] => 
                    [code_stock] => 
                    [code_stock_used] => 0
                    [code_code] => 
                    [used_times] => 0
                    [deleted_at] => 
                    [member_use_count] => 1
                    [show_page] => 
                    [gwp_skus] => 
                    [ship_fee] => 0
                    [coupon_type] => 1
                    [product_coupon_sku] => 
                    [expire_days] => 100
                    [product_coupon_pic] => 
                    [product_coupon_name] => 
                    [is_step] => 0
                    [is_whole] => 1
                    [is_rand] => 0
                    [is_new] => 1
                    [notice] => 
                )

        )

)

[2022-01-18 14:43:38]Array
(
    [requestUri] => http://promotion.el.org/coupon/inner/couponUsePluck
    [requestMethod] => POST
    [requestData] => Array
        (
            [ids_pluck] => Array
                (
                    [11] => 1
                )

        )

    [responseCode] => 200
    [responseData] => Array
        (
            [code] => 1
            [message] => 成功
            [data] => Array
                (
                )

        )

)

[2022-01-18 15:19:11]Array
(
    [requestUri] => http://promotion.el.org/coupon/inner/couponUsePluck
    [requestMethod] => POST
    [requestData] => Array
        (
            [ids_pluck] => Array
                (
                    [14] => 1
                )

        )

    [responseCode] => 200
    [responseData] => Array
        (
            [code] => 1
            [message] => 成功
            [data] => Array
                (
                )

        )

)

[2022-01-18 15:22:14]Array
(
    [requestUri] => http://promotion.el.org/coupon/inner/getNewDetail
    [requestMethod] => POST
    [requestData] => Array
        (
        )

    [responseCode] => 200
    [responseData] => Array
        (
            [code] => 1
            [message] => 成功
            [data] => Array
                (
                    [id] => 11
                    [name] => 新人券001
                    [display_name] => 
                    [type] => coupon
                    [start_time] => 2022-01-01 00:00:00
                    [end_time] => 2023-01-31 00:00:00
                    [priority] => 1
                    [status] => 2
                    [created_at] => 2022-01-18 11:37:54
                    [updated_at] => 2022-01-18 14:43:38
                    [exclude_sku] => 
                    [add_sku] => 
                    [cids] => 
                    [addrules] => 
                    [total_amount] => 1
                    [total_discount] => 5
                    [product_discount] => 
                    [nn_n] => 
                    [nn_discount] => 
                    [step_amount] => 
                    [step_discount] => 
                    [gift_id] => 
                    [gift_amount] => 
                    [gift_n] => 
                    [coupon_stock] => 100
                    [coupon_stock_used] => 4
                    [coupon_description] => 
                    [code_length] => 
                    [code_stock] => 
                    [code_stock_used] => 0
                    [code_code] => 
                    [used_times] => 0
                    [deleted_at] => 
                    [member_use_count] => 1
                    [show_page] => 
                    [gwp_skus] => 
                    [ship_fee] => 0
                    [coupon_type] => 1
                    [product_coupon_sku] => 
                    [expire_days] => 100
                    [product_coupon_pic] => 
                    [product_coupon_name] => 
                    [is_step] => 0
                    [is_whole] => 1
                    [is_rand] => 0
                    [is_new] => 1
                    [notice] => 
                )

        )

)

[2022-01-18 16:07:35]Array
(
    [requestUri] => http://promotion.el.org/coupon/inner/couponUsePluck
    [requestMethod] => POST
    [requestData] => Array
        (
            [ids_pluck] => Array
                (
                    [10] => 1
                )

        )

    [responseCode] => 200
    [responseData] => Array
        (
            [code] => 1
            [message] => 成功
            [data] => Array
                (
                )

        )

)

