[2022-01-26 12:43:50]Array
(
    [couponId] => 17
    [trigger_sku] => 050037,02032906
    [userIds] => Array
        (
            [0] => 1058230
        )

    [status] => 1
)

[2022-01-26 12:44:32]Array
(
    [couponId] => 17
    [trigger_sku] => 050037,02032906
    [userIds] => Array
        (
            [0] => 1058230
        )

    [status] => 1
)

[2022-01-26 12:44:50]Array
(
    [couponId] => 17
    [trigger_sku] => 050037,02032906
    [userIds] => Array
        (
            [0] => 1058230
        )

    [status] => 1
)

