
[16:32:35] 用户获取的券信息：[]

[16:32:35] 1058230获取的券信息:：[]

[16:44:43] 用户获取的券信息：[{"id":1,"user_id":1058230,"coupon_id":12,"type":2,"received_at":"2022-01-17 16:43:38","used_at":null,"created_at":null,"updated_at":null,"revert_at":null}]

[16:44:43] prom 获取券信息：{"12":{"id":12,"status":0,"price":null,"require":null,"start":1638288000,"end":1669737600,"desc":"\u5b9e\u7269\u5238001","coupon_type":"product_coupon","sku":"02032906","stock":"100","expire_days":10,"active":2,"coupon_pic":"","product_coupon_name":""}}

[16:44:43] 1058230获取的券信息:：[{"coupon_id":12,"coupon_name":"\u5b9e\u7269\u5238001","start":"2021-12-01 00:00:00","end":"2022-01-27 16:43:38"}]

[16:58:36] 用户获取的券信息：[{"id":1,"user_id":1058230,"coupon_id":12,"type":2,"received_at":"2022-01-17 16:43:38","used_at":null,"created_at":null,"updated_at":null,"revert_at":null}]

[16:58:37] prom 获取券信息：{"12":{"id":12,"status":0,"price":null,"require":null,"start":1638288000,"end":1669737600,"desc":"\u5b9e\u7269\u5238001","coupon_type":"product_coupon","sku":"02032906","stock":"100","expire_days":10,"active":2,"coupon_pic":"","product_coupon_name":""}}

[16:58:37] 1058230获取的券信息:：[{"coupon_id":12,"coupon_name":"\u5b9e\u7269\u5238001","start":"2021-12-01 00:00:00","end":"2022-01-27 16:43:38"}]

[17:09:30] 用户获取的券信息：[{"id":1,"user_id":1058230,"coupon_id":12,"type":2,"received_at":"2022-01-17 16:43:38","used_at":null,"created_at":null,"updated_at":null,"revert_at":null}]

[17:09:31] prom 获取券信息：{"12":{"id":12,"status":0,"price":null,"require":null,"start":1638288000,"end":1669737600,"desc":"\u5b9e\u7269\u5238001","coupon_type":"product_coupon","sku":"02032906","stock":"100","expire_days":10,"active":2,"coupon_pic":"","product_coupon_name":""}}

[17:09:31] 1058230获取的券信息:：[{"coupon_id":12,"coupon_name":"\u5b9e\u7269\u5238001","start":"2021-12-01 00:00:00","end":"2022-01-27 16:43:38"}]

[17:09:44] 用户获取的券信息：[{"id":1,"user_id":1058230,"coupon_id":12,"type":2,"received_at":"2022-01-17 16:43:38","used_at":null,"created_at":null,"updated_at":null,"revert_at":null}]

[17:09:45] prom 获取券信息：{"12":{"id":12,"status":0,"price":null,"require":null,"start":1638288000,"end":1669737600,"desc":"\u5b9e\u7269\u5238001","coupon_type":"product_coupon","sku":"02032906","stock":"100","expire_days":10,"active":2,"coupon_pic":"","product_coupon_name":""}}

[17:09:45] 1058230获取的券信息:：[{"coupon_id":12,"coupon_name":"\u5b9e\u7269\u5238001","start":"2021-12-01 00:00:00","end":"2022-01-27 16:43:38"}]

[17:23:12] 用户获取的券信息：[{"id":1,"user_id":1058230,"coupon_id":12,"type":2,"received_at":"2022-01-17 16:43:38","used_at":null,"created_at":null,"updated_at":null,"revert_at":null}]

[17:23:12] prom 获取券信息：{"12":{"id":12,"status":0,"price":null,"require":null,"start":1638288000,"end":1669737600,"desc":"\u5b9e\u7269\u5238001","coupon_type":"product_coupon","sku":"02032906","stock":"100","expire_days":10,"active":2,"coupon_pic":"","product_coupon_name":""}}

[17:23:12] 1058230获取的券信息:：[{"coupon_id":12,"coupon_name":"\u5b9e\u7269\u5238001","start":"2021-12-01 00:00:00","end":"2022-01-27 16:43:38"}]

[17:24:45] 用户获取的券信息：[{"id":1,"user_id":1058230,"coupon_id":12,"type":2,"received_at":"2022-01-17 16:43:38","used_at":null,"created_at":null,"updated_at":null,"revert_at":null}]

[17:24:46] prom 获取券信息：{"12":{"id":12,"status":0,"price":null,"require":null,"start":1638288000,"end":1669737600,"desc":"\u5b9e\u7269\u5238001","coupon_type":"product_coupon","sku":"02032906","stock":"100","expire_days":10,"active":2,"coupon_pic":"","product_coupon_name":""}}

[17:24:46] 1058230获取的券信息:：[{"coupon_id":12,"coupon_name":"\u5b9e\u7269\u5238001","start":"2021-12-01 00:00:00","end":"2022-01-27 16:43:38"}]

[17:45:29] 用户获取的券信息：[{"id":1,"user_id":1058230,"coupon_id":12,"type":2,"received_at":"2022-01-17 16:43:38","used_at":null,"created_at":null,"updated_at":null,"revert_at":null}]

[17:45:29] prom 获取券信息：{"12":{"id":12,"status":0,"price":null,"require":null,"start":1638288000,"end":1669737600,"desc":"\u5b9e\u7269\u5238001","coupon_type":"product_coupon","sku":"02032906","stock":"100","expire_days":10,"active":2,"coupon_pic":"","product_coupon_name":""}}

[17:45:29] 1058230获取的券信息:：[{"coupon_id":12,"coupon_name":"\u5b9e\u7269\u5238001","start":"2021-12-01 00:00:00","end":"2022-01-27 16:43:38"}]
