
[16:14:18] getMemberInfo start api:064e16f1f860119b4fddc02e739b7ab3：[1623312858.158413]

[16:14:18] 1058230拿用户优惠券信息：{"id":1058230,"sex":0,"source_type":2,"level":0,"guid_id":null,"parent_id":null,"channel":3,"points":0,"respect_type":"","birth":"1979-07-06","guid_name":null,"phone":"17701761566","name":"\u53f2\u8482\u6c76","nickname":"","last_name":"","status":1,"first_name":"","open_id":"omBzf4qwFLjOOl7tYsXuis_0-uok","email":null,"pos_id":"2998000070","session_id":null,"password":"fd4c1d36097313fe4a65d1979fe77101:11","province":"","pic":"","from_activity":null,"from_entrance":null,"city":"","country":"","telephone":"","age_group":0,"pc_login_at":"2020-11-26 15:29:26","guide_id":0,"updated_at":"2021-05-28 16:15:17","created_at":"2020-08-12 10:49:45","mini_login_at":"2020-11-25 13:41:34","mobile_login_at":"2020-09-22 17:16:00","share_from":0,"union_id":"","avatar_url":"https:\/\/thirdwx.qlogo.cn\/mmopen\/vi_32\/Q0j4TwGTfTJxoV3C6H94w0MYgZEYhPsCVdUbKN96hsQT4Pic9ETuScXNU45Bibu6whD23gt8otA0thECF3YrD3Bw\/132"}

[16:14:18] user_info end api:064e16f1f860119b4fddc02e739b7ab3：[1623312858.250332]

[16:14:18] 1058230拿用户优惠券信息：[]

[16:14:18] coupons end api:064e16f1f860119b4fddc02e739b7ab3：[1623312858.270556]

[16:14:18] address end api:064e16f1f860119b4fddc02e739b7ab3：[1623312858.289536]

[16:14:18] all end api:064e16f1f860119b4fddc02e739b7ab3：[1623312858.290224]

[16:16:54] getMemberInfo start api:42c52ecf470b61c91f87cbe76e92b5a6：[1623313014.599972]

[16:16:54] 1058230拿用户优惠券信息：{"id":1058230,"sex":0,"source_type":2,"level":0,"guid_id":null,"parent_id":null,"channel":3,"points":0,"respect_type":"","birth":"1979-07-06","guid_name":null,"phone":"17701761566","name":"\u53f2\u8482\u6c76","nickname":"","last_name":"","status":1,"first_name":"","open_id":"omBzf4qwFLjOOl7tYsXuis_0-uok","email":null,"pos_id":"2998000070","session_id":null,"password":"fd4c1d36097313fe4a65d1979fe77101:11","province":"","pic":"","from_activity":null,"from_entrance":null,"city":"","country":"","telephone":"","age_group":0,"pc_login_at":"2020-11-26 15:29:26","guide_id":0,"updated_at":"2021-05-28 16:15:17","created_at":"2020-08-12 10:49:45","mini_login_at":"2020-11-25 13:41:34","mobile_login_at":"2020-09-22 17:16:00","share_from":0,"union_id":"","avatar_url":"https:\/\/thirdwx.qlogo.cn\/mmopen\/vi_32\/Q0j4TwGTfTJxoV3C6H94w0MYgZEYhPsCVdUbKN96hsQT4Pic9ETuScXNU45Bibu6whD23gt8otA0thECF3YrD3Bw\/132"}

[16:16:54] user_info end api:42c52ecf470b61c91f87cbe76e92b5a6：[1623313014.682808]

[16:16:54] 1058230拿用户优惠券信息：[]

[16:16:54] coupons end api:42c52ecf470b61c91f87cbe76e92b5a6：[1623313014.694609]

[16:16:54] address end api:42c52ecf470b61c91f87cbe76e92b5a6：[1623313014.699252]

[16:16:54] all end api:42c52ecf470b61c91f87cbe76e92b5a6：[1623313014.700002]

[16:39:01] getMemberInfo start api:2c90e60e58373d2e94e87bac1666f53d：[1623314341.666444]

[16:39:01] 1058230拿用户优惠券信息：{"id":1058230,"sex":0,"source_type":2,"level":0,"guid_id":null,"parent_id":null,"channel":3,"points":0,"respect_type":"","birth":"1979-07-06","guid_name":null,"phone":"17701761566","name":"\u53f2\u8482\u6c76","nickname":"","last_name":"","status":1,"first_name":"","open_id":"omBzf4qwFLjOOl7tYsXuis_0-uok","email":null,"pos_id":"2998000070","session_id":null,"password":"fd4c1d36097313fe4a65d1979fe77101:11","province":"","pic":"","from_activity":null,"from_entrance":null,"city":"","country":"","telephone":"","age_group":0,"pc_login_at":"2020-11-26 15:29:26","guide_id":0,"updated_at":"2021-05-28 16:15:17","created_at":"2020-08-12 10:49:45","mini_login_at":"2020-11-25 13:41:34","mobile_login_at":"2020-09-22 17:16:00","share_from":0,"union_id":"","avatar_url":"https:\/\/thirdwx.qlogo.cn\/mmopen\/vi_32\/Q0j4TwGTfTJxoV3C6H94w0MYgZEYhPsCVdUbKN96hsQT4Pic9ETuScXNU45Bibu6whD23gt8otA0thECF3YrD3Bw\/132"}

[16:39:01] user_info end api:2c90e60e58373d2e94e87bac1666f53d：[1623314341.743843]

[16:39:01] 1058230拿用户优惠券信息：[]

[16:39:01] coupons end api:2c90e60e58373d2e94e87bac1666f53d：[1623314341.760534]

[16:39:01] address end api:2c90e60e58373d2e94e87bac1666f53d：[1623314341.765262]

[16:39:01] all end api:2c90e60e58373d2e94e87bac1666f53d：[1623314341.766171]

[16:43:34] getMemberInfo start api:c487d704d5f0ec548b9057075f41e976：[1623314614.825062]

[16:43:34] 1058230拿用户优惠券信息：{"id":1058230,"sex":0,"source_type":2,"level":0,"guid_id":null,"parent_id":null,"channel":3,"points":0,"respect_type":"","birth":"1979-07-06","guid_name":null,"phone":"17701761566","name":"\u53f2\u8482\u6c76","nickname":"","last_name":"","status":1,"first_name":"","open_id":"omBzf4qwFLjOOl7tYsXuis_0-uok","email":null,"pos_id":"2998000070","session_id":null,"password":"fd4c1d36097313fe4a65d1979fe77101:11","province":"","pic":"","from_activity":null,"from_entrance":null,"city":"","country":"","telephone":"","age_group":0,"pc_login_at":"2020-11-26 15:29:26","guide_id":0,"updated_at":"2021-05-28 16:15:17","created_at":"2020-08-12 10:49:45","mini_login_at":"2020-11-25 13:41:34","mobile_login_at":"2020-09-22 17:16:00","share_from":0,"union_id":"","avatar_url":"https:\/\/thirdwx.qlogo.cn\/mmopen\/vi_32\/Q0j4TwGTfTJxoV3C6H94w0MYgZEYhPsCVdUbKN96hsQT4Pic9ETuScXNU45Bibu6whD23gt8otA0thECF3YrD3Bw\/132"}

[16:43:34] user_info end api:c487d704d5f0ec548b9057075f41e976：[1623314614.897106]

[16:43:34] 1058230拿用户优惠券信息：[]

[16:43:34] coupons end api:c487d704d5f0ec548b9057075f41e976：[1623314614.911516]

[16:43:34] address end api:c487d704d5f0ec548b9057075f41e976：[1623314614.915457]

[16:43:34] all end api:c487d704d5f0ec548b9057075f41e976：[1623314614.916107]
