
[14:58:36] getMemberInfo start api:25e3fcfd5c993f6b22f739c0cac059e8：[1641797916.745994]

[14:58:36] 1058230拿用户优惠券信息：{"id":1058230,"sex":0,"source_type":2,"level":0,"guid_id":10010,"parent_id":null,"channel":3,"points":0,"respect_type":"","birth":"1979-07-06","guid_name":null,"phone":"17701761566","name":"\u53f2\u8482\u6c76","nickname":"","last_name":"","status":1,"first_name":"","open_id":"omBzf4qwFLjOOl7tYsXuis_0-uok","email":null,"pos_id":"2998000070","session_id":null,"password":"fd4c1d36097313fe4a65d1979fe77101:11","province":"","pic":"","from_activity":null,"from_entrance":null,"city":"","country":"","telephone":"","age_group":0,"pc_login_at":"2020-11-26 15:29:26","guide_id":0,"updated_at":"2021-06-11 17:32:28","created_at":"2020-08-12 10:49:45","mini_login_at":"2020-11-25 13:41:34","mobile_login_at":"2020-09-22 17:16:00","share_from":0,"union_id":"","avatar_url":"https:\/\/thirdwx.qlogo.cn\/mmopen\/vi_32\/Q0j4TwGTfTJxoV3C6H94w0MYgZEYhPsCVdUbKN96hsQT4Pic9ETuScXNU45Bibu6whD23gt8otA0thECF3YrD3Bw\/132"}

[14:58:36] user_info end api:25e3fcfd5c993f6b22f739c0cac059e8：[1641797916.841333]

[14:58:36] 1058230拿用户优惠券信息：[]

[14:58:36] coupons end api:25e3fcfd5c993f6b22f739c0cac059e8：[1641797916.867305]

[14:58:36] address end api:25e3fcfd5c993f6b22f739c0cac059e8：[1641797916.881979]

[14:58:36] all end api:25e3fcfd5c993f6b22f739c0cac059e8：[1641797916.88243]

[15:08:49] getMemberInfo start api:c4302ae89d6415179df04e05fd18f96c：[1641798529.122345]

[15:08:49] 1058230拿用户优惠券信息：{"id":1058230,"sex":0,"source_type":2,"level":0,"guid_id":10010,"parent_id":null,"channel":3,"points":0,"respect_type":"","birth":"1979-07-06","guid_name":null,"phone":"17701761566","name":"\u53f2\u8482\u6c76","nickname":"","last_name":"","status":1,"first_name":"","open_id":"omBzf4qwFLjOOl7tYsXuis_0-uok","email":null,"pos_id":"2998000070","session_id":null,"password":"fd4c1d36097313fe4a65d1979fe77101:11","province":"","pic":"","from_activity":null,"from_entrance":null,"city":"","country":"","telephone":"","age_group":0,"pc_login_at":"2020-11-26 15:29:26","guide_id":0,"updated_at":"2021-06-11 17:32:28","created_at":"2020-08-12 10:49:45","mini_login_at":"2020-11-25 13:41:34","mobile_login_at":"2020-09-22 17:16:00","share_from":0,"union_id":"","avatar_url":"https:\/\/thirdwx.qlogo.cn\/mmopen\/vi_32\/Q0j4TwGTfTJxoV3C6H94w0MYgZEYhPsCVdUbKN96hsQT4Pic9ETuScXNU45Bibu6whD23gt8otA0thECF3YrD3Bw\/132"}

[15:08:49] user_info end api:c4302ae89d6415179df04e05fd18f96c：[1641798529.183307]

[15:08:49] 1058230拿用户优惠券信息：[]

[15:08:49] coupons end api:c4302ae89d6415179df04e05fd18f96c：[1641798529.194488]

[15:08:49] address end api:c4302ae89d6415179df04e05fd18f96c：[1641798529.200638]

[15:08:49] all end api:c4302ae89d6415179df04e05fd18f96c：[1641798529.20216]

[15:08:58] getMemberInfo start api:3fc75ed68f64f26e2f2554b3a7179eb9：[1641798538.129413]

[15:08:58] user_info end api:3fc75ed68f64f26e2f2554b3a7179eb9：[1641798538.177514]

[15:08:58] 1058230拿用户优惠券信息：[]

[15:08:58] coupons end api:3fc75ed68f64f26e2f2554b3a7179eb9：[1641798538.215697]

[15:08:58] address end api:3fc75ed68f64f26e2f2554b3a7179eb9：[1641798538.219931]

[15:08:58] all end api:3fc75ed68f64f26e2f2554b3a7179eb9：[1641798538.22068]

[15:12:08] getMemberInfo start api:3b9346452631f8e39cd9014551715c6d：[1641798728.156477]

[15:12:08] 1058230拿用户优惠券信息：{"id":1058230,"sex":0,"source_type":2,"level":0,"guid_id":10010,"parent_id":null,"channel":3,"points":0,"respect_type":"","birth":"1979-07-06","guid_name":null,"phone":"17701761566","name":"\u53f2\u8482\u6c76","nickname":"","last_name":"","status":1,"first_name":"","open_id":"omBzf4qwFLjOOl7tYsXuis_0-uok","email":null,"pos_id":"2998000070","session_id":null,"password":"fd4c1d36097313fe4a65d1979fe77101:11","province":"","pic":"","from_activity":null,"from_entrance":null,"city":"","country":"","telephone":"","age_group":0,"pc_login_at":"2020-11-26 15:29:26","guide_id":0,"updated_at":"2021-06-11 17:32:28","created_at":"2020-08-12 10:49:45","mini_login_at":"2020-11-25 13:41:34","mobile_login_at":"2020-09-22 17:16:00","share_from":0,"union_id":"","avatar_url":"https:\/\/thirdwx.qlogo.cn\/mmopen\/vi_32\/Q0j4TwGTfTJxoV3C6H94w0MYgZEYhPsCVdUbKN96hsQT4Pic9ETuScXNU45Bibu6whD23gt8otA0thECF3YrD3Bw\/132"}

[15:12:08] user_info end api:3b9346452631f8e39cd9014551715c6d：[1641798728.260354]

[15:12:08] 1058230拿用户优惠券信息：[]

[15:12:08] coupons end api:3b9346452631f8e39cd9014551715c6d：[1641798728.27539]

[15:12:08] address end api:3b9346452631f8e39cd9014551715c6d：[1641798728.278966]

[15:12:08] all end api:3b9346452631f8e39cd9014551715c6d：[1641798728.27975]
